<?xml version="1.0" encoding="UTF-8"?>
<!-- Generated by org.testng.reporters.JUnitXMLReporter -->
<testsuite ignored="6" hostname="LTIN691574" failures="0" tests="4" name="Test1" time="37.594" errors="0" timestamp="2026-04-21T09:39:13 IST">
  <testcase classname="test_cases.HomePageTest" name="testHomePage" time="0.433"/>
  <testcase classname="test_cases.CategoryResultPageTest" name="testHotelResults" time="3.434"/>
  <testcase classname="test_cases.CollectionsSubMenuTest" name="testCollectionsSubmenu" time="3.752"/>
  <testcase classname="test_cases.GiftCardTest" name="giftCardFromFill" time="13.686"/>
  <testcase classname="test_cases.BaseTest" name="@BeforeTest setup" time="0.0">
    <ignored/>
  </testcase> <!-- @BeforeTest setup -->
  <testcase classname="test_cases.BaseTest" name="@BeforeTest setup" time="0.0">
    <ignored/>
  </testcase> <!-- @BeforeTest setup -->
  <testcase classname="test_cases.BaseTest" name="@BeforeTest setup" time="0.0">
    <ignored/>
  </testcase> <!-- @BeforeTest setup -->
  <testcase classname="test_cases.BaseTest" name="@AfterTest close" time="0.0">
    <ignored/>
  </testcase> <!-- @AfterTest close -->
  <testcase classname="test_cases.BaseTest" name="@AfterTest close" time="0.0">
    <ignored/>
  </testcase> <!-- @AfterTest close -->
  <testcase classname="test_cases.BaseTest" name="@AfterTest close" time="0.0">
    <ignored/>
  </testcase> <!-- @AfterTest close -->
</testsuite> <!-- Test1 -->
