<?xml version="1.0" encoding="UTF-8"?>
<testng-results ignored="0" total="4" passed="4" failed="0" skipped="0">
  <reporter-output>
  </reporter-output>
  <suite started-at="2026-04-21T09:38:35 IST" name="Suite" finished-at="2026-04-21T09:39:13 IST" duration-ms="37594">
    <groups>
    </groups>
    <test started-at="2026-04-21T09:38:35 IST" name="Test1" finished-at="2026-04-21T09:39:13 IST" duration-ms="37594">
      <class name="test_cases.CategoryResultPageTest">
        <test-method signature="testHotelResults()[pri:2, instance:test_cases.CategoryResultPageTest@279fedbd]" started-at="2026-04-21T09:38:48 IST" name="testHotelResults" finished-at="2026-04-21T09:38:51 IST" depends-on-methods="testHomePage" duration-ms="3434" status="PASS">
          <reporter-output>
          </reporter-output>
        </test-method> <!-- testHotelResults -->
      </class> <!-- test_cases.CategoryResultPageTest -->
      <class name="test_cases.CollectionsSubMenuTest">
        <test-method signature="testCollectionsSubmenu()[pri:3, instance:test_cases.CollectionsSubMenuTest@b3ca52e]" started-at="2026-04-21T09:38:51 IST" name="testCollectionsSubmenu" finished-at="2026-04-21T09:38:55 IST" depends-on-methods="testHomePage" duration-ms="3752" status="PASS">
          <reporter-output>
          </reporter-output>
        </test-method> <!-- testCollectionsSubmenu -->
      </class> <!-- test_cases.CollectionsSubMenuTest -->
      <class name="test_cases.GiftCardTest">
        <test-method signature="giftCardFromFill()[pri:4, instance:test_cases.GiftCardTest@45c7e403]" started-at="2026-04-21T09:38:55 IST" name="giftCardFromFill" finished-at="2026-04-21T09:39:09 IST" depends-on-methods="testHomePage" duration-ms="13686" status="PASS">
          <reporter-output>
          </reporter-output>
        </test-method> <!-- giftCardFromFill -->
      </class> <!-- test_cases.GiftCardTest -->
      <class name="test_cases.HomePageTest">
        <test-method is-config="true" signature="setup(java.lang.String)[pri:0, instance:test_cases.HomePageTest@55fe41ea]" started-at="2026-04-21T09:38:35 IST" name="setup" finished-at="2026-04-21T09:38:47 IST" duration-ms="12259" status="PASS">
          <params>
            <param index="0">
              <value>
                <![CDATA[Chrome]]>
              </value>
            </param>
          </params>
          <reporter-output>
          </reporter-output>
        </test-method> <!-- setup -->
        <test-method signature="testHomePage()[pri:1, instance:test_cases.HomePageTest@55fe41ea]" started-at="2026-04-21T09:38:47 IST" name="testHomePage" finished-at="2026-04-21T09:38:48 IST" duration-ms="433" status="PASS">
          <reporter-output>
          </reporter-output>
        </test-method> <!-- testHomePage -->
        <test-method is-config="true" signature="close()[pri:0, instance:test_cases.HomePageTest@55fe41ea]" started-at="2026-04-21T09:39:09 IST" name="close" finished-at="2026-04-21T09:39:13 IST" duration-ms="3956" status="PASS">
          <reporter-output>
          </reporter-output>
        </test-method> <!-- close -->
      </class> <!-- test_cases.HomePageTest -->
    </test> <!-- Test1 -->
  </suite> <!-- Suite -->
</testng-results>
